Calculating task graph as no cached configuration is available for tasks: :desktopApp:run
> Task :desktopApp:generateComposeResClass SKIPPED
> Task :desktopApp:checkKotlinGradlePluginConfigurationErrors SKIPPED
> Task :sharedUI:kmpPartiallyResolvedDependenciesChecker
> Task :sharedUI:convertXmlValueResourcesForCommonMain NO-SOURCE
> Task :sharedUI:checkKotlinGradlePluginConfigurationErrors SKIPPED
> Task :sharedUI:generateComposeResClass UP-TO-DATE
> Task :sharedUI:convertXmlValueResourcesForJvmMain NO-SOURCE
> Task :desktopApp:convertXmlValueResourcesForMain NO-SOURCE
> Task :sharedUI:copyNonXmlValueResourcesForJvmMain NO-SOURCE
> Task :desktopApp:copyNonXmlValueResourcesForMain NO-SOURCE
> Task :sharedUI:prepareComposeResourcesTaskForJvmMain NO-SOURCE
> Task :sharedUI:generateResourceAccessorsForJvmMain NO-SOURCE
> Task :sharedUI:generateExpectResourceCollectorsForCommonMain UP-TO-DATE
> Task :shared:core:kmpPartiallyResolvedDependenciesChecker
> Task :desktopApp:prepareComposeResourcesTaskForMain NO-SOURCE
> Task :desktopApp:generateResourceAccessorsForMain SKIPPED
> Task :desktopApp:generateActualResourceCollectorsForMain SKIPPED
> Task :shared:core:checkKotlinGradlePluginConfigurationErrors SKIPPED
> Task :sharedUI:copyNonXmlValueResourcesForCommonMain NO-SOURCE
> Task :shared:core:convertXmlValueResourcesForCommonMain UP-TO-DATE
> Task :shared:core:convertXmlValueResourcesForJvmMain NO-SOURCE
> Task :shared:core:copyNonXmlValueResourcesForJvmMain NO-SOURCE
> Task :shared:core:generateComposeResClass UP-TO-DATE
> Task :shared:core:generateExpectResourceCollectorsForCommonMain UP-TO-DATE
> Task :shared:core:prepareComposeResourcesTaskForJvmMain NO-SOURCE
> Task :sharedUI:prepareComposeResourcesTaskForCommonMain NO-SOURCE
> Task :shared:core:copyNonXmlValueResourcesForCommonMain UP-TO-DATE
> Task :shared:core:prepareComposeResourcesTaskForCommonMain UP-TO-DATE
> Task :sharedUI:generateResourceAccessorsForCommonMain NO-SOURCE
> Task :shared:core:generateResourceAccessorsForCommonMain UP-TO-DATE
> Task :shared:core:generateResourceAccessorsForJvmMain NO-SOURCE
> Task :shared:core:assembleJvmMainResources UP-TO-DATE
> Task :shared:core:generateActualResourceCollectorsForJvmMain UP-TO-DATE
> Task :shared:data:kmpPartiallyResolvedDependenciesChecker
> Task :shared:core:jvmProcessResources UP-TO-DATE
> Task :sharedUI:generateActualResourceCollectorsForJvmMain UP-TO-DATE
> Task :sharedUI:assembleJvmMainResources UP-TO-DATE
> Task :shared:core:processJvmMainResources SKIPPED
> Task :shared:data:checkKotlinGradlePluginConfigurationErrors SKIPPED
> Task :sharedUI:jvmProcessResources UP-TO-DATE
> Task :sharedUI:processJvmMainResources SKIPPED
> Task :desktopApp:prepareAppResources NO-SOURCE
> Task :shared:core:compileKotlinJvm UP-TO-DATE
> Task :shared:core:compileJvmMainJava NO-SOURCE
> Task :shared:core:jvmMainClasses UP-TO-DATE
> Task :desktopApp:assembleMainResources
> Task :shared:core:jvmJar UP-TO-DATE
> Task :shared:data:kspKotlinJvm UP-TO-DATE
> Task :shared:data:copyRoomSchemas NO-SOURCE
> Task :shared:data:jvmProcessResources NO-SOURCE
> Task :shared:data:processJvmMainResources SKIPPED
> Task :desktopApp:processResources
> Task :shared:data:compileKotlinJvm UP-TO-DATE
> Task :shared:data:compileJvmMainJava NO-SOURCE
> Task :shared:data:jvmMainClasses UP-TO-DATE
> Task :shared:data:jvmJar UP-TO-DATE
> Task :sharedUI:compileKotlinJvm UP-TO-DATE
> Task :sharedUI:compileJvmMainJava NO-SOURCE
> Task :sharedUI:jvmMainClasses UP-TO-DATE
> Task :sharedUI:jvmJar UP-TO-DATE
> Task :desktopApp:compileKotlin
> Task :desktopApp:compileJava NO-SOURCE
> Task :desktopApp:classes
> Task :desktopApp:jar

> Task :desktopApp:run FAILED
Debug: Seeded default player economy
Error was captured in composition.
java.awt.HeadlessException:
No X11 DISPLAY variable was set,
or no headful library support was found,
but this program performed an operation which requires it.
	at java.desktop/sun.java2d.HeadlessGraphicsEnvironment.getDefaultScreenDevice(HeadlessGraphicsEnvironment.java:58)
	at androidx.compose.ui.window.LayoutConfiguration_desktopKt.getGlobalDensity(LayoutConfiguration.desktop.kt:39)
	at androidx.compose.ui.window.Application_desktopKt$awaitApplication$2$1$2.invokeSuspend$lambda$0(Application.desktop.kt:224)
	at androidx.compose.runtime.internal.ComposableLambdaImpl.invoke(ComposableLambda.kt:122)
	at androidx.compose.runtime.internal.ComposableLambdaImpl.invoke(ComposableLambda.kt:52)
	at androidx.compose.runtime.internal.Expect_jvmKt.invokeComposable(Expect.jvm.kt:24)
	at androidx.compose.runtime.ComposerImpl.doCompose-aFTiNEg(ComposerImpl.kt:2647)
	at androidx.compose.runtime.ComposerImpl.composeContent--ZbOJvo$runtime(ComposerImpl.kt:2551)
	at androidx.compose.runtime.CompositionImpl.composeContent(Composition.kt:835)
	at androidx.compose.runtime.Recomposer.composeInitial$runtime(Recomposer.kt:1266)
	at androidx.compose.runtime.CompositionImpl.composeInitial(Composition.kt:672)
	at androidx.compose.runtime.CompositionImpl.setContent(Composition.kt:639)
	at androidx.compose.ui.window.Application_desktopKt$awaitApplication$2$1$2.invokeSuspend(Application.desktop.kt:219)
	at kotlin.coroutines.jvm.internal.BaseContinuationImpl.resumeWith(ContinuationImpl.kt:34)
	at kotlinx.coroutines.DispatchedTask.run(DispatchedTask.kt:100)
	at java.desktop/java.awt.event.InvocationEvent.dispatch(InvocationEvent.java:318)
	at java.desktop/java.awt.EventQueue.dispatchEventImpl(EventQueue.java:781)
	at java.desktop/java.awt.EventQueue$4.run(EventQueue.java:728)
	at java.desktop/java.awt.EventQueue$4.run(EventQueue.java:722)
	at java.base/java.security.AccessController.doPrivileged(AccessController.java:400)
	at java.base/java.security.ProtectionDomain$JavaSecurityAccessImpl.doIntersectionPrivilege(ProtectionDomain.java:87)
	at java.desktop/java.awt.EventQueue.dispatchEvent(EventQueue.java:750)
	at java.desktop/java.awt.EventDispatchThread.pumpOneEventForFilters(EventDispatchThread.java:207)
	at java.desktop/java.awt.EventDispatchThread.pumpEventsForFilter(EventDispatchThread.java:128)
	at java.desktop/java.awt.EventDispatchThread.pumpEventsForHierarchy(EventDispatchThread.java:117)
	at java.desktop/java.awt.EventDispatchThread.pumpEvents(EventDispatchThread.java:113)
	at java.desktop/java.awt.EventDispatchThread.pumpEvents(EventDispatchThread.java:105)
	at java.desktop/java.awt.EventDispatchThread.run(EventDispatchThread.java:92)
Exception in thread "main" java.awt.HeadlessException:
No X11 DISPLAY variable was set,
or no headful library support was found,
but this program performed an operation which requires it.
	at java.desktop/sun.java2d.HeadlessGraphicsEnvironment.getDefaultScreenDevice(HeadlessGraphicsEnvironment.java:58)
	at androidx.compose.ui.window.LayoutConfiguration_desktopKt.getGlobalDensity(LayoutConfiguration.desktop.kt:39)
	at androidx.compose.ui.window.Application_desktopKt$awaitApplication$2$1$2.invokeSuspend$lambda$0(Application.desktop.kt:224)
	at androidx.compose.runtime.internal.ComposableLambdaImpl.invoke(ComposableLambda.kt:122)
	at androidx.compose.runtime.internal.ComposableLambdaImpl.invoke(ComposableLambda.kt:52)
	at androidx.compose.runtime.internal.Expect_jvmKt.invokeComposable(Expect.jvm.kt:24)
	at androidx.compose.runtime.ComposerImpl.doCompose-aFTiNEg(ComposerImpl.kt:2647)
	at androidx.compose.runtime.ComposerImpl.composeContent--ZbOJvo$runtime(ComposerImpl.kt:2551)
	at androidx.compose.runtime.CompositionImpl.composeContent(Composition.kt:835)
	at androidx.compose.runtime.Recomposer.composeInitial$runtime(Recomposer.kt:1266)
	at androidx.compose.runtime.CompositionImpl.composeInitial(Composition.kt:672)
	at androidx.compose.runtime.CompositionImpl.setContent(Composition.kt:639)
	at androidx.compose.ui.window.Application_desktopKt$awaitApplication$2$1$2.invokeSuspend(Application.desktop.kt:219)
	at kotlin.coroutines.jvm.internal.BaseContinuationImpl.resumeWith(ContinuationImpl.kt:34)
	at kotlinx.coroutines.DispatchedTask.run(DispatchedTask.kt:100)
	at java.desktop/java.awt.event.InvocationEvent.dispatch(InvocationEvent.java:318)
	at java.desktop/java.awt.EventQueue.dispatchEventImpl(EventQueue.java:781)
	at java.desktop/java.awt.EventQueue$4.run(EventQueue.java:728)
	at java.desktop/java.awt.EventQueue$4.run(EventQueue.java:722)
	at java.base/java.security.AccessController.doPrivileged(AccessController.java:400)
	at java.base/java.security.ProtectionDomain$JavaSecurityAccessImpl.doIntersectionPrivilege(ProtectionDomain.java:87)
	at java.desktop/java.awt.EventQueue.dispatchEvent(EventQueue.java:750)
	at java.desktop/java.awt.EventDispatchThread.pumpOneEventForFilters(EventDispatchThread.java:207)
	at java.desktop/java.awt.EventDispatchThread.pumpEventsForFilter(EventDispatchThread.java:128)
	at java.desktop/java.awt.EventDispatchThread.pumpEventsForHierarchy(EventDispatchThread.java:117)
	at java.desktop/java.awt.EventDispatchThread.pumpEvents(EventDispatchThread.java:113)
	at java.desktop/java.awt.EventDispatchThread.pumpEvents(EventDispatchThread.java:105)
	at java.desktop/java.awt.EventDispatchThread.run(EventDispatchThread.java:92)

[Incubating] Problems report is available at: file:///app/build/reports/problems/problems-report.html

FAILURE: Build failed with an exception.

* What went wrong:
Execution failed for task ':desktopApp:run'.
> Process 'command '/home/jules/.gradle/jdks/jetbrains_s_r_o_-21-amd64-linux.2/bin/java'' finished with non-zero exit value 1

* Try:
> Run with --stacktrace option to get the stack trace.
> Run with --info or --debug option to get more log output.
> Run with --scan to generate a Build Scan (powered by Develocity).
> Get more help at https://help.gradle.org.

Deprecated Gradle features were used in this build, making it incompatible with Gradle 10.

You can use '--warning-mode all' to show the individual deprecation warnings and determine if they come from your own scripts or plugins.

For more on this, please refer to https://docs.gradle.org/9.2.1/userguide/command_line_interface.html#sec:command_line_warnings in the Gradle documentation.

BUILD FAILED in 17s
29 actionable tasks: 8 executed, 21 up-to-date
Configuration cache entry stored.
